<?xml version="1.0" encoding="UTF-8"?>
<!-- Generated by org.testng.reporters.JUnitXMLReporter -->
<testsuite hostname="lina-VirtualBox" name="Surefire test" tests="10" failures="0" timestamp="14 Dec 2017 21:07:38 GMT" time="3.365" errors="0">
  <testcase name="testMultiplication on testMultiplication(com.example.exam.final_project.BasicCalculatorTest)" time="0.6" classname="com.example.exam.final_project.BasicCalculatorTest"/>
  <testcase name="testAddition on testAddition(com.example.exam.final_project.BasicCalculatorTest)" time="0.241" classname="com.example.exam.final_project.BasicCalculatorTest"/>
  <testcase name="testDivision on testDivision(com.example.exam.final_project.BasicCalculatorTest)" time="0.333" classname="com.example.exam.final_project.BasicCalculatorTest"/>
  <testcase name="testSubtracktion on testSubtracktion(com.example.exam.final_project.BasicCalculatorTest)" time="0.223" classname="com.example.exam.final_project.BasicCalculatorTest"/>
  <testcase name="testCos on testCos(com.example.exam.final_project.CalculatorTest)" time="0.211" classname="com.example.exam.final_project.CalculatorTest"/>
  <testcase name="testPow on testPow(com.example.exam.final_project.CalculatorTest)" time="0.275" classname="com.example.exam.final_project.CalculatorTest"/>
  <testcase name="testSin on testSin(com.example.exam.final_project.CalculatorTest)" time="0.126" classname="com.example.exam.final_project.CalculatorTest"/>
  <testcase name="testProcent on testProcent(com.example.exam.final_project.CalculatorTest)" time="0.204" classname="com.example.exam.final_project.CalculatorTest"/>
  <testcase name="testDegreesToRadians on testDegreesToRadians(com.example.exam.final_project.CalculatorTest)" time="0.015" classname="com.example.exam.final_project.CalculatorTest"/>
  <testcase name="testEulers on testEulers(com.example.exam.final_project.CalculatorTest)" time="0.07" classname="com.example.exam.final_project.CalculatorTest"/>
</testsuite> <!-- Surefire test -->
