<?xml version="1.0" encoding="UTF-8"?>
<!-- Generated by org.testng.reporters.JUnitXMLReporter -->
<testsuite hostname="lina-VirtualBox" name="Surefire test" tests="8" failures="0" timestamp="14 Dec 2017 13:24:35 GMT" time="2.535" errors="0">
  <testcase name="testCos on testCos(com.example.exam.final_project.CalculatorTest)" time="0.333" classname="com.example.exam.final_project.CalculatorTest"/>
  <testcase name="testPow on testPow(com.example.exam.final_project.CalculatorTest)" time="0.391" classname="com.example.exam.final_project.CalculatorTest"/>
  <testcase name="testSin on testSin(com.example.exam.final_project.CalculatorTest)" time="0.302" classname="com.example.exam.final_project.CalculatorTest"/>
  <testcase name="testDegreesToRadians on testDegreesToRadians(com.example.exam.final_project.CalculatorTest)" time="0.027" classname="com.example.exam.final_project.CalculatorTest"/>
  <testcase name="testMultiplication on testMultiplication(com.example.exam.final_project.BasicCalculatorTest)" time="0.131" classname="com.example.exam.final_project.BasicCalculatorTest"/>
  <testcase name="testAddition on testAddition(com.example.exam.final_project.BasicCalculatorTest)" time="0.216" classname="com.example.exam.final_project.BasicCalculatorTest"/>
  <testcase name="testDivision on testDivision(com.example.exam.final_project.BasicCalculatorTest)" time="0.145" classname="com.example.exam.final_project.BasicCalculatorTest"/>
  <testcase name="testSubtracktion on testSubtracktion(com.example.exam.final_project.BasicCalculatorTest)" time="0.205" classname="com.example.exam.final_project.BasicCalculatorTest"/>
</testsuite> <!-- Surefire test -->
