<?xml version="1.0" encoding="UTF-8"?>
<testng-results skipped="0" failed="0" total="10" passed="10">
  <reporter-output>
  </reporter-output>
  <suite name="Surefire suite" duration-ms="3365" started-at="2017-12-14T21:07:34Z" finished-at="2017-12-14T21:07:38Z">
    <groups>
    </groups>
    <test name="Surefire test" duration-ms="3365" started-at="2017-12-14T21:07:34Z" finished-at="2017-12-14T21:07:38Z">
      <class name="com.example.exam.final_project.CalculatorTest">
        <test-method status="PASS" signature="testCos()[pri:0, instance:testCos(com.example.exam.final_project.CalculatorTest)]" name="testCos" duration-ms="211" started-at="2017-12-14T22:07:37Z" finished-at="2017-12-14T22:07:37Z">
          <reporter-output>
          </reporter-output>
        </test-method> <!-- testCos -->
        <test-method status="PASS" signature="testPow()[pri:0, instance:testPow(com.example.exam.final_project.CalculatorTest)]" name="testPow" duration-ms="275" started-at="2017-12-14T22:07:37Z" finished-at="2017-12-14T22:07:37Z">
          <reporter-output>
          </reporter-output>
        </test-method> <!-- testPow -->
        <test-method status="PASS" signature="testSin()[pri:0, instance:testSin(com.example.exam.final_project.CalculatorTest)]" name="testSin" duration-ms="126" started-at="2017-12-14T22:07:37Z" finished-at="2017-12-14T22:07:37Z">
          <reporter-output>
          </reporter-output>
        </test-method> <!-- testSin -->
        <test-method status="PASS" signature="testProcent()[pri:0, instance:testProcent(com.example.exam.final_project.CalculatorTest)]" name="testProcent" duration-ms="204" started-at="2017-12-14T22:07:37Z" finished-at="2017-12-14T22:07:37Z">
          <reporter-output>
          </reporter-output>
        </test-method> <!-- testProcent -->
        <test-method status="PASS" signature="testDegreesToRadians()[pri:0, instance:testDegreesToRadians(com.example.exam.final_project.CalculatorTest)]" name="testDegreesToRadians" duration-ms="15" started-at="2017-12-14T22:07:37Z" finished-at="2017-12-14T22:07:37Z">
          <reporter-output>
          </reporter-output>
        </test-method> <!-- testDegreesToRadians -->
        <test-method status="PASS" signature="testEulers()[pri:0, instance:testEulers(com.example.exam.final_project.CalculatorTest)]" name="testEulers" duration-ms="70" started-at="2017-12-14T22:07:37Z" finished-at="2017-12-14T22:07:38Z">
          <reporter-output>
          </reporter-output>
        </test-method> <!-- testEulers -->
      </class> <!-- com.example.exam.final_project.CalculatorTest -->
      <class name="com.example.exam.final_project.BasicCalculatorTest">
        <test-method status="PASS" signature="testMultiplication()[pri:0, instance:testMultiplication(com.example.exam.final_project.BasicCalculatorTest)]" name="testMultiplication" duration-ms="600" started-at="2017-12-14T22:07:35Z" finished-at="2017-12-14T22:07:36Z">
          <reporter-output>
          </reporter-output>
        </test-method> <!-- testMultiplication -->
        <test-method status="PASS" signature="testAddition()[pri:0, instance:testAddition(com.example.exam.final_project.BasicCalculatorTest)]" name="testAddition" duration-ms="241" started-at="2017-12-14T22:07:36Z" finished-at="2017-12-14T22:07:36Z">
          <reporter-output>
          </reporter-output>
        </test-method> <!-- testAddition -->
        <test-method status="PASS" signature="testDivision()[pri:0, instance:testDivision(com.example.exam.final_project.BasicCalculatorTest)]" name="testDivision" duration-ms="333" started-at="2017-12-14T22:07:36Z" finished-at="2017-12-14T22:07:36Z">
          <reporter-output>
          </reporter-output>
        </test-method> <!-- testDivision -->
        <test-method status="PASS" signature="testSubtracktion()[pri:0, instance:testSubtracktion(com.example.exam.final_project.BasicCalculatorTest)]" name="testSubtracktion" duration-ms="223" started-at="2017-12-14T22:07:36Z" finished-at="2017-12-14T22:07:37Z">
          <reporter-output>
          </reporter-output>
        </test-method> <!-- testSubtracktion -->
      </class> <!-- com.example.exam.final_project.BasicCalculatorTest -->
    </test> <!-- Surefire test -->
  </suite> <!-- Surefire suite -->
</testng-results>
